2025-04-11 14:45:14,280 INFO gRPC server started on port 50051
2025-04-11 14:45:18,026 INFO [SetConfig] Received: device_id: "dev001"
sample_rate: 10
enable_wifi: true

2025-04-11 14:45:18,027 INFO [TurnOnLight] Light ON
2025-04-11 14:45:18,027 INFO [GetStatus] Request received.
2025-04-11 14:45:18,028 INFO [StreamTelemetry] Telemetry stream started.
2025-04-11 14:45:18,028 INFO [Telemetry] Sent: device_id: "dev001"
temperature: 50
humidity: 60
timestamp: 10

2025-04-11 14:45:28,032 INFO [Telemetry] Sent: device_id: "dev001"
temperature: 50
humidity: 60
timestamp: 10

2025-04-11 14:45:38,038 INFO [Telemetry] Sent: device_id: "dev001"
temperature: 50
humidity: 60
timestamp: 10

2025-04-11 14:45:48,043 INFO [Telemetry] Sent: device_id: "dev001"
temperature: 50
humidity: 60
timestamp: 10

